<?xml version="1.0" encoding="UTF-8"?>
<testng-results ignored="0" total="1" passed="1" failed="0" skipped="0">
  <reporter-output>
  </reporter-output>
  <suite started-at="2024-02-27T14:10:54 IST" name="Default suite" finished-at="2024-02-27T14:10:58 IST" duration-ms="3444">
    <groups>
    </groups>
    <test started-at="2024-02-27T14:10:54 IST" name="Default test" finished-at="2024-02-27T14:10:58 IST" duration-ms="3444">
      <class name="Data.Driven.WriteExcel">
        <test-method signature="fblogin()[pri:0, instance:Data.Driven.WriteExcel@72d1ad2e]" started-at="2024-02-27T14:10:54 IST" name="fblogin" finished-at="2024-02-27T14:10:58 IST" duration-ms="3410" status="PASS">
          <reporter-output>
          </reporter-output>
        </test-method> <!-- fblogin -->
      </class> <!-- Data.Driven.WriteExcel -->
    </test> <!-- Default test -->
  </suite> <!-- Default suite -->
</testng-results>
